2023/11/01 04:44:52 failed to dial tcp connection, retrying
2023/11/01 04:44:53 failed to dial tcp connection, retrying
[2023-11-01T04:44:53.963Z] info  code-server 4.11.0 85e083580dec27ef19827ff42d3c9257d56ea7e3
[2023-11-01T04:44:53.964Z] info  Using user-data-dir ~/.local/share/code-server
[2023-11-01T04:44:53.977Z] info  Using config file ~/.config/code-server/config.yaml
[2023-11-01T04:44:53.978Z] info  HTTP server listening on http://127.0.0.1:8080/
[2023-11-01T04:44:53.978Z] info    - Authentication is disabled
[2023-11-01T04:44:53.978Z] info    - Not serving HTTPS
====================================>token: 21856631-5163-4062-bae9-1db398317784
[04:44:57] 




[04:44:57] Extension host agent started.
[04:44:58] [127.0.0.1][02607ca1][ManagementConnection] New connection established.
[04:44:59] [127.0.0.1][346f3903][ExtensionHostConnection] New connection established.
[04:44:59] [127.0.0.1][346f3903][ExtensionHostConnection] <379> Launched Extension Host Process.
[04:44:59] [File Watcher (parcel)] Inotify limit reached (ENOSPC) (path: /workplace/project/fire)
[04:45:02] Using the in-memory credential store as the operating system's credential store could not be accessed. Please see https://aka.ms/vscode-server-keyring on how to set this up. Details: libsecret-1.so.0: cannot open shared object file: No such file or directory
[04:45:02] [File Watcher (node.js)] Failed to watch /workplace/project/fire for changes using fs.watch() (Error: ENOSPC: System limit for number of file watchers reached, watch '/workplace/project/fire')
[2023-11-01T04:47:08.982Z] error Failed to get latest version [38;2;140;140;140m{"error":"connect ETIMEDOUT 20.205.243.168:443"}[0m
panic: runtime error: invalid memory address or nil pointer dereference
[signal SIGSEGV: segmentation violation code=0x1 addr=0x28 pc=0x8986f1]

goroutine 269 [running]:
http_reverse_proxy/client.sendHttpRequestAndReplyHttpResponse(0xc0001597d0?, 0x7b30ae?, 0xc0000d01e0, 0xc0000de7e0)
	/builds/hitminer/http_reverse_proxy/client/http_client.go:51 +0xb1
created by http_reverse_proxy/client.startHttpClient
	/builds/hitminer/http_reverse_proxy/client/http_client.go:34 +0x1ea
