2023/10/25 00:45:38 failed to dial tcp connection, retrying
[2023-10-25T00:45:39.244Z] info  code-server 4.11.0 85e083580dec27ef19827ff42d3c9257d56ea7e3
[2023-10-25T00:45:39.246Z] info  Using user-data-dir ~/.local/share/code-server
[2023-10-25T00:45:39.261Z] info  Using config file ~/.config/code-server/config.yaml
[2023-10-25T00:45:39.261Z] info  HTTP server listening on http://127.0.0.1:8080/
[2023-10-25T00:45:39.261Z] info    - Authentication is disabled
[2023-10-25T00:45:39.261Z] info    - Not serving HTTPS
====================================>token: 67a5333b-9357-47d9-879b-197e68bcfcfb
[00:45:41] 




[00:45:41] Extension host agent started.
[00:45:43] [127.0.0.1][b011b0c1][ManagementConnection] New connection established.
[00:45:44] [127.0.0.1][c83fd064][ExtensionHostConnection] New connection established.
[00:45:44] [127.0.0.1][c83fd064][ExtensionHostConnection] <379> Launched Extension Host Process.
[00:45:47] Using the in-memory credential store as the operating system's credential store could not be accessed. Please see https://aka.ms/vscode-server-keyring on how to set this up. Details: libsecret-1.so.0: cannot open shared object file: No such file or directory
[00:45:57] [File Watcher (parcel)] Inotify limit reached (ENOSPC) (path: /opt/conda/lib/python3.8)
[2023-10-25T00:47:53.528Z] error Failed to get latest version [38;2;140;140;140m{"error":"connect ETIMEDOUT 20.205.243.168:443"}[0m
panic: runtime error: invalid memory address or nil pointer dereference
[signal SIGSEGV: segmentation violation code=0x1 addr=0x28 pc=0x8986f1]

goroutine 237 [running]:
http_reverse_proxy/client.sendHttpRequestAndReplyHttpResponse(0x0?, 0x0?, 0xc000320000, 0xc00012a780)
	/builds/hitminer/http_reverse_proxy/client/http_client.go:51 +0xb1
created by http_reverse_proxy/client.startHttpClient
	/builds/hitminer/http_reverse_proxy/client/http_client.go:34 +0x1ea
