2023/10/30 04:38:23 failed to dial tcp connection, retrying
2023/10/30 04:38:24 failed to dial tcp connection, retrying
[2023-10-30T04:38:24.008Z] info  code-server 4.11.0 85e083580dec27ef19827ff42d3c9257d56ea7e3
[2023-10-30T04:38:24.009Z] info  Using user-data-dir ~/.local/share/code-server
[2023-10-30T04:38:24.022Z] info  Using config file ~/.config/code-server/config.yaml
[2023-10-30T04:38:24.022Z] info  HTTP server listening on http://127.0.0.1:8080/
[2023-10-30T04:38:24.023Z] info    - Authentication is disabled
[2023-10-30T04:38:24.023Z] info    - Not serving HTTPS
====================================>token: 325b003b-b379-4ff3-a108-7f623a3c8b0c
[04:39:25] 




[04:39:25] 




[04:39:25] Extension host agent started.
[04:39:25] Extension host agent started.
[04:39:25] [File Watcher (node.js)] Failed to watch /root/.local/share/code-server/Machine for changes using fs.watch() (Error: ENOSPC: System limit for number of file watchers reached, watch '/root/.local/share/code-server/Machine')
[04:39:25] [File Watcher (node.js)] Failed to watch /root/.local/share/code-server/Machine for changes using fs.watch() (Error: ENOSPC: System limit for number of file watchers reached, watch '/root/.local/share/code-server/Machine')
[04:39:25] [File Watcher (node.js)] Failed to watch /root/.local/share/code-server/extensions for changes using fs.watch() (Error: ENOSPC: System limit for number of file watchers reached, watch '/root/.local/share/code-server/extensions')
[04:39:25] [File Watcher (node.js)] Failed to watch /root/.local/share/code-server/extensions for changes using fs.watch() (Error: ENOSPC: System limit for number of file watchers reached, watch '/root/.local/share/code-server/extensions')
[04:39:26] [File Watcher (node.js)] Failed to watch /root/.local/share/code-server/extensions/extensions.json for changes using fs.watch() (Error: ENOSPC: System limit for number of file watchers reached, watch '/root/.local/share/code-server/extensions/extensions.json')
[04:39:26] [File Watcher (node.js)] Failed to watch /root/.local/share/code-server/extensions/extensions.json for changes using fs.watch() (Error: ENOSPC: System limit for number of file watchers reached, watch '/root/.local/share/code-server/extensions/extensions.json')
[04:39:27] [127.0.0.1][84a5a975][ManagementConnection] New connection established.
[04:39:27] [File Watcher (node.js)] Failed to watch /root/.local/share/code-server/User for changes using fs.watch() (Error: ENOSPC: System limit for number of file watchers reached, watch '/root/.local/share/code-server/User')
[04:39:27] [File Watcher (node.js)] Failed to watch /root/.local/share/code-server/Machine for changes using fs.watch() (Error: ENOSPC: System limit for number of file watchers reached, watch '/root/.local/share/code-server/Machine')
[04:39:28] [127.0.0.1][13af7d06][ExtensionHostConnection] New connection established.
[04:39:28] [127.0.0.1][13af7d06][ExtensionHostConnection] <389> Launched Extension Host Process.
[04:39:34] [File Watcher (parcel)] Inotify limit reached (ENOSPC) (path: /workplace/project/fire)
[04:39:34] [File Watcher (node.js)] Failed to watch /root/.local/share/code-server/User/snippets for changes using fs.watch() (Error: ENOSPC: System limit for number of file watchers reached, watch '/root/.local/share/code-server/User/snippets')
[04:39:36] Using the in-memory credential store as the operating system's credential store could not be accessed. Please see https://aka.ms/vscode-server-keyring on how to set this up. Details: libsecret-1.so.0: cannot open shared object file: No such file or directory
[04:40:17] [127.0.0.1][84a5a975][ManagementConnection] The client has disconnected gracefully, so the connection will be disposed.
[04:40:17] [127.0.0.1][13af7d06][ExtensionHostConnection] <389> Extension Host Process exited with code: 0, signal: null.
[04:40:18] [127.0.0.1][883c3a56][ManagementConnection] New connection established.
[04:40:18] [File Watcher (node.js)] Failed to watch /root/.local/share/code-server/User for changes using fs.watch() (Error: ENOSPC: System limit for number of file watchers reached, watch '/root/.local/share/code-server/User')
[04:40:18] [File Watcher (node.js)] Failed to watch /root/.local/share/code-server/User/settings.json for changes using fs.watch() (Error: ENOSPC: System limit for number of file watchers reached, watch '/root/.local/share/code-server/User/settings.json')
[04:40:18] [File Watcher (node.js)] Failed to watch /root/.local/share/code-server/Machine for changes using fs.watch() (Error: ENOSPC: System limit for number of file watchers reached, watch '/root/.local/share/code-server/Machine')
[04:40:18] [127.0.0.1][e325abc1][ExtensionHostConnection] New connection established.
[04:40:18] [127.0.0.1][e325abc1][ExtensionHostConnection] <439> Launched Extension Host Process.
[04:40:19] [File Watcher (node.js)] Failed to watch /root/.local/share/code-server/User/snippets for changes using fs.watch() (Error: ENOSPC: System limit for number of file watchers reached, watch '/root/.local/share/code-server/User/snippets')
[04:40:20] [File Watcher (node.js)] Failed to watch /root/.conda for changes using fs.watch() (Error: ENOSPC: System limit for number of file watchers reached, watch '/root/.conda')
[04:40:22] [127.0.0.1][883c3a56][ManagementConnection] The client has disconnected gracefully, so the connection will be disposed.
panic: runtime error: invalid memory address or nil pointer dereference
[signal SIGSEGV: segmentation violation code=0x1 addr=0x28 pc=0x8986f1]

goroutine 276 [running]:
http_reverse_proxy/client.sendHttpRequestAndReplyHttpResponse(0x0?, 0x0?, 0xc00011a0e0, 0xc0000de7e0)
	/builds/hitminer/http_reverse_proxy/client/http_client.go:51 +0xb1
created by http_reverse_proxy/client.startHttpClient
	/builds/hitminer/http_reverse_proxy/client/http_client.go:34 +0x1ea
