2023/10/28 13:17:37 failed to dial tcp connection, retrying
[2023-10-28T13:17:38.718Z] info  code-server 4.11.0 85e083580dec27ef19827ff42d3c9257d56ea7e3
[2023-10-28T13:17:38.719Z] info  Using user-data-dir ~/.local/share/code-server
====================================>token: bcc789bd-37ea-4734-9d05-690f05763433
[2023-10-28T13:17:38.733Z] info  Using config file ~/.config/code-server/config.yaml
[2023-10-28T13:17:38.733Z] info  HTTP server listening on http://127.0.0.1:8080/
[2023-10-28T13:17:38.733Z] info    - Authentication is disabled
[2023-10-28T13:17:38.733Z] info    - Not serving HTTPS
[13:17:42] 




[13:17:42] 




[13:17:42] Extension host agent started.
[13:17:42] Extension host agent started.
[13:17:44] [127.0.0.1][734db7d8][ManagementConnection] New connection established.
[13:17:45] [127.0.0.1][753704a8][ExtensionHostConnection] New connection established.
[13:17:45] [127.0.0.1][753704a8][ExtensionHostConnection] <391> Launched Extension Host Process.
[13:17:48] Using the in-memory credential store as the operating system's credential store could not be accessed. Please see https://aka.ms/vscode-server-keyring on how to set this up. Details: libsecret-1.so.0: cannot open shared object file: No such file or directory
[13:17:58] [File Watcher (parcel)] Inotify limit reached (ENOSPC) (path: /opt/conda/lib/python3.8)
[2023-10-28T13:19:54.039Z] error Failed to get latest version [38;2;140;140;140m{"error":"connect ETIMEDOUT 20.205.243.168:443"}[0m
[13:23:46] [127.0.0.1][753704a8][ExtensionHostConnection] <391> Extension Host Process exited with code: 0, signal: null.
panic: runtime error: invalid memory address or nil pointer dereference
[signal SIGSEGV: segmentation violation code=0x1 addr=0x28 pc=0x8986f1]

goroutine 262 [running]:
http_reverse_proxy/client.sendHttpRequestAndReplyHttpResponse(0xc00051ffd0?, 0x7b30ae?, 0xc00029c0a0, 0xc00028e060)
	/builds/hitminer/http_reverse_proxy/client/http_client.go:51 +0xb1
created by http_reverse_proxy/client.startHttpClient
	/builds/hitminer/http_reverse_proxy/client/http_client.go:34 +0x1ea
