2023/11/02 11:31:44 failed to dial tcp connection, retrying
[2023-11-02T11:31:45.642Z] info  code-server 4.11.0 85e083580dec27ef19827ff42d3c9257d56ea7e3
[2023-11-02T11:31:45.644Z] info  Using user-data-dir ~/.local/share/code-server
[2023-11-02T11:31:45.657Z] info  Using config file ~/.config/code-server/config.yaml
[2023-11-02T11:31:45.657Z] info  HTTP server listening on http://127.0.0.1:8080/
[2023-11-02T11:31:45.657Z] info    - Authentication is disabled
[2023-11-02T11:31:45.657Z] info    - Not serving HTTPS
====================================>token: 9838a1db-9dd3-4d87-af17-e13dc667ddca
[11:31:47] 




[11:31:47] Extension host agent started.
[11:31:47] [File Watcher (node.js)] Failed to watch /root/.local/share/code-server/Machine for changes using fs.watch() (Error: ENOSPC: System limit for number of file watchers reached, watch '/root/.local/share/code-server/Machine')
[11:31:47] [File Watcher (node.js)] Failed to watch /root/.local/share/code-server/extensions for changes using fs.watch() (Error: ENOSPC: System limit for number of file watchers reached, watch '/root/.local/share/code-server/extensions')
[11:31:47] [File Watcher (node.js)] Failed to watch /root/.local/share/code-server/extensions/extensions.json for changes using fs.watch() (Error: ENOSPC: System limit for number of file watchers reached, watch '/root/.local/share/code-server/extensions/extensions.json')
[11:31:48] [127.0.0.1][04434de4][ManagementConnection] New connection established.
[11:31:48] [File Watcher (node.js)] Failed to watch /root/.local/share/code-server/User for changes using fs.watch() (Error: ENOSPC: System limit for number of file watchers reached, watch '/root/.local/share/code-server/User')
[11:31:48] [File Watcher (node.js)] Failed to watch /root/.local/share/code-server/Machine for changes using fs.watch() (Error: ENOSPC: System limit for number of file watchers reached, watch '/root/.local/share/code-server/Machine')
[11:31:49] [127.0.0.1][96b6de84][ExtensionHostConnection] New connection established.
[11:31:49] [127.0.0.1][96b6de84][ExtensionHostConnection] <379> Launched Extension Host Process.
[11:31:49] [File Watcher (parcel)] Inotify limit reached (ENOSPC) (path: /workplace/project/fire)
[11:31:50] [File Watcher (node.js)] Failed to watch /root/.local/share/code-server/User/snippets for changes using fs.watch() (Error: ENOSPC: System limit for number of file watchers reached, watch '/root/.local/share/code-server/User/snippets')
[11:31:52] Using the in-memory credential store as the operating system's credential store could not be accessed. Please see https://aka.ms/vscode-server-keyring on how to set this up. Details: libsecret-1.so.0: cannot open shared object file: No such file or directory
[11:31:52] [File Watcher (node.js)] Failed to watch /root/.conda for changes using fs.watch() (Error: ENOSPC: System limit for number of file watchers reached, watch '/root/.conda')
[11:31:52] [File Watcher (node.js)] Failed to watch /workplace/project/fire for changes using fs.watch() (Error: ENOSPC: System limit for number of file watchers reached, watch '/workplace/project/fire')
[2023-11-02T11:33:58.073Z] error Failed to get latest version [38;2;140;140;140m{"error":"connect ETIMEDOUT 20.205.243.168:443"}[0m
panic: runtime error: invalid memory address or nil pointer dereference
[signal SIGSEGV: segmentation violation code=0x1 addr=0x28 pc=0x8986f1]

goroutine 420 [running]:
http_reverse_proxy/client.sendHttpRequestAndReplyHttpResponse(0xc000014080?, 0x0?, 0xc00041a120, 0xc000206060)
	/builds/hitminer/http_reverse_proxy/client/http_client.go:51 +0xb1
created by http_reverse_proxy/client.startHttpClient
	/builds/hitminer/http_reverse_proxy/client/http_client.go:34 +0x1ea
