2023/10/19 04:33:35 failed to dial tcp connection, retrying
[2023-10-19T04:33:36.473Z] info  code-server 4.11.0 85e083580dec27ef19827ff42d3c9257d56ea7e3
[2023-10-19T04:33:36.474Z] info  Using user-data-dir ~/.local/share/code-server
[2023-10-19T04:33:36.493Z] info  Using config file ~/.config/code-server/config.yaml
[2023-10-19T04:33:36.493Z] info  HTTP server listening on http://127.0.0.1:8080/
[2023-10-19T04:33:36.494Z] info    - Authentication is disabled
[2023-10-19T04:33:36.494Z] info    - Not serving HTTPS
====================================>token: 2791258e-fde9-4006-8f97-9ca1b0251302
[04:33:39] 




[04:33:39] Extension host agent started.
[04:33:39] [File Watcher (node.js)] Failed to watch /root/.local/share/code-server/Machine for changes using fs.watch() (Error: ENOSPC: System limit for number of file watchers reached, watch '/root/.local/share/code-server/Machine')
[04:33:39] [File Watcher (node.js)] Failed to watch /root/.local/share/code-server/extensions for changes using fs.watch() (Error: ENOSPC: System limit for number of file watchers reached, watch '/root/.local/share/code-server/extensions')
[04:33:39] [File Watcher (node.js)] Failed to watch /root/.local/share/code-server/extensions/extensions.json for changes using fs.watch() (Error: ENOSPC: System limit for number of file watchers reached, watch '/root/.local/share/code-server/extensions/extensions.json')
[04:33:41] [127.0.0.1][e052b2c4][ManagementConnection] New connection established.
[04:33:41] [File Watcher (node.js)] Failed to watch /root/.local/share/code-server/User for changes using fs.watch() (Error: ENOSPC: System limit for number of file watchers reached, watch '/root/.local/share/code-server/User')
[04:33:41] [File Watcher (node.js)] Failed to watch /root/.local/share/code-server/Machine for changes using fs.watch() (Error: ENOSPC: System limit for number of file watchers reached, watch '/root/.local/share/code-server/Machine')
[04:33:41] [127.0.0.1][bd4ba5f7][ExtensionHostConnection] New connection established.
[04:33:41] [127.0.0.1][bd4ba5f7][ExtensionHostConnection] <380> Launched Extension Host Process.
[04:33:42] [File Watcher (parcel)] Inotify limit reached (ENOSPC) (path: /workplace/project/fire)
[04:33:43] [File Watcher (node.js)] Failed to watch /root/.local/share/code-server/User/snippets for changes using fs.watch() (Error: ENOSPC: System limit for number of file watchers reached, watch '/root/.local/share/code-server/User/snippets')
[04:33:46] Using the in-memory credential store as the operating system's credential store could not be accessed. Please see https://aka.ms/vscode-server-keyring on how to set this up. Details: libsecret-1.so.0: cannot open shared object file: No such file or directory
[04:33:46] [File Watcher (node.js)] Failed to watch /root/.conda for changes using fs.watch() (Error: ENOSPC: System limit for number of file watchers reached, watch '/root/.conda')
[04:33:46] [File Watcher (node.js)] Failed to watch /workplace/project/fire for changes using fs.watch() (Error: ENOSPC: System limit for number of file watchers reached, watch '/workplace/project/fire')
[2023-10-19T04:35:52.118Z] error Failed to get latest version [38;2;140;140;140m{"error":"connect ETIMEDOUT 20.205.243.168:443"}[0m
panic: runtime error: invalid memory address or nil pointer dereference
[signal SIGSEGV: segmentation violation code=0x1 addr=0x28 pc=0x8986f1]

goroutine 203 [running]:
http_reverse_proxy/client.sendHttpRequestAndReplyHttpResponse(0x0?, 0x0?, 0xc00041a000, 0xc0000ea060)
	/builds/hitminer/http_reverse_proxy/client/http_client.go:51 +0xb1
created by http_reverse_proxy/client.startHttpClient
	/builds/hitminer/http_reverse_proxy/client/http_client.go:34 +0x1ea
