2023/10/29 14:21:22 failed to dial tcp connection, retrying
[2023-10-29T14:21:23.601Z] info  code-server 4.11.0 85e083580dec27ef19827ff42d3c9257d56ea7e3
[2023-10-29T14:21:23.602Z] info  Using user-data-dir ~/.local/share/code-server
====================================>token: 127a2dd1-ca2e-4b12-b104-89bd80b40c2a
[2023-10-29T14:21:23.623Z] info  Using config file ~/.config/code-server/config.yaml
[2023-10-29T14:21:23.623Z] info  HTTP server listening on http://127.0.0.1:8080/
[2023-10-29T14:21:23.623Z] info    - Authentication is disabled
[2023-10-29T14:21:23.623Z] info    - Not serving HTTPS
[14:21:25] 




[14:21:25] Extension host agent started.
[14:21:25] [File Watcher (node.js)] Failed to watch /root/.local/share/code-server/Machine for changes using fs.watch() (Error: ENOSPC: System limit for number of file watchers reached, watch '/root/.local/share/code-server/Machine')
[14:21:25] [File Watcher (node.js)] Failed to watch /root/.local/share/code-server/extensions for changes using fs.watch() (Error: ENOSPC: System limit for number of file watchers reached, watch '/root/.local/share/code-server/extensions')
[14:21:25] [File Watcher (node.js)] Failed to watch /root/.local/share/code-server/extensions/extensions.json for changes using fs.watch() (Error: ENOSPC: System limit for number of file watchers reached, watch '/root/.local/share/code-server/extensions/extensions.json')
[14:21:26] [127.0.0.1][90539418][ManagementConnection] New connection established.
[14:21:27] [File Watcher (node.js)] Failed to watch /root/.local/share/code-server/User for changes using fs.watch() (Error: ENOSPC: System limit for number of file watchers reached, watch '/root/.local/share/code-server/User')
[14:21:27] [File Watcher (node.js)] Failed to watch /root/.local/share/code-server/Machine for changes using fs.watch() (Error: ENOSPC: System limit for number of file watchers reached, watch '/root/.local/share/code-server/Machine')
[14:21:28] [127.0.0.1][d737bb77][ExtensionHostConnection] New connection established.
[14:21:28] [127.0.0.1][d737bb77][ExtensionHostConnection] <393> Launched Extension Host Process.
[14:21:28] [File Watcher (parcel)] Inotify limit reached (ENOSPC) (path: /workplace/project/fire)
[14:21:29] [File Watcher (node.js)] Failed to watch /root/.local/share/code-server/User/snippets for changes using fs.watch() (Error: ENOSPC: System limit for number of file watchers reached, watch '/root/.local/share/code-server/User/snippets')
[14:21:31] Using the in-memory credential store as the operating system's credential store could not be accessed. Please see https://aka.ms/vscode-server-keyring on how to set this up. Details: libsecret-1.so.0: cannot open shared object file: No such file or directory
[14:21:31] [File Watcher (node.js)] Failed to watch /root/.conda for changes using fs.watch() (Error: ENOSPC: System limit for number of file watchers reached, watch '/root/.conda')
[14:21:31] [File Watcher (node.js)] Failed to watch /workplace/project/fire for changes using fs.watch() (Error: ENOSPC: System limit for number of file watchers reached, watch '/workplace/project/fire')
[2023-10-29T14:23:36.630Z] error Failed to get latest version [38;2;140;140;140m{"error":"connect ETIMEDOUT 20.205.243.168:443"}[0m
panic: runtime error: invalid memory address or nil pointer dereference
[signal SIGSEGV: segmentation violation code=0x1 addr=0x28 pc=0x8986f1]

goroutine 309 [running]:
http_reverse_proxy/client.sendHttpRequestAndReplyHttpResponse(0xc0000ace60?, 0xc0000acfd0?, 0xc000124020, 0xc0000de7e0)
	/builds/hitminer/http_reverse_proxy/client/http_client.go:51 +0xb1
created by http_reverse_proxy/client.startHttpClient
	/builds/hitminer/http_reverse_proxy/client/http_client.go:34 +0x1ea
