2023/12/04 02:53:18 failed to dial tcp connection, retrying
[2023-12-04T02:53:19.127Z] info  code-server 4.11.0 85e083580dec27ef19827ff42d3c9257d56ea7e3
[2023-12-04T02:53:19.128Z] info  Using user-data-dir ~/.local/share/code-server
[2023-12-04T02:53:19.140Z] info  Using config file ~/.config/code-server/config.yaml
[2023-12-04T02:53:19.140Z] info  HTTP server listening on http://127.0.0.1:8080/
[2023-12-04T02:53:19.140Z] info    - Authentication is disabled
[2023-12-04T02:53:19.140Z] info    - Not serving HTTPS
====================================>token: 13c3c0e4-cfe8-467d-a3f1-80583a07d6e1
[02:53:21] 




[02:53:21] Extension host agent started.
[02:53:21] [File Watcher (node.js)] Failed to watch /root/.local/share/code-server/Machine for changes using fs.watch() (Error: ENOSPC: System limit for number of file watchers reached, watch '/root/.local/share/code-server/Machine')
[02:53:21] [File Watcher (node.js)] Failed to watch /root/.local/share/code-server/extensions for changes using fs.watch() (Error: ENOSPC: System limit for number of file watchers reached, watch '/root/.local/share/code-server/extensions')
[02:53:21] [File Watcher (node.js)] Failed to watch /root/.local/share/code-server/extensions/extensions.json for changes using fs.watch() (Error: ENOSPC: System limit for number of file watchers reached, watch '/root/.local/share/code-server/extensions/extensions.json')
[02:53:23] [127.0.0.1][11cde456][ManagementConnection] New connection established.
[02:53:23] [File Watcher (node.js)] Failed to watch /root/.local/share/code-server/User for changes using fs.watch() (Error: ENOSPC: System limit for number of file watchers reached, watch '/root/.local/share/code-server/User')
[02:53:23] [File Watcher (node.js)] Failed to watch /root/.local/share/code-server/Machine for changes using fs.watch() (Error: ENOSPC: System limit for number of file watchers reached, watch '/root/.local/share/code-server/Machine')
[02:53:23] [127.0.0.1][b6f5299e][ExtensionHostConnection] New connection established.
[02:53:23] [127.0.0.1][b6f5299e][ExtensionHostConnection] <378> Launched Extension Host Process.
[02:53:24] [File Watcher (parcel)] Inotify limit reached (ENOSPC) (path: /workplace/project/fire)
[02:53:24] [File Watcher (node.js)] Failed to watch /root/.local/share/code-server/User/snippets for changes using fs.watch() (Error: ENOSPC: System limit for number of file watchers reached, watch '/root/.local/share/code-server/User/snippets')
[02:53:26] Using the in-memory credential store as the operating system's credential store could not be accessed. Please see https://aka.ms/vscode-server-keyring on how to set this up. Details: libsecret-1.so.0: cannot open shared object file: No such file or directory
[02:53:26] [File Watcher (node.js)] Failed to watch /root/.conda for changes using fs.watch() (Error: ENOSPC: System limit for number of file watchers reached, watch '/root/.conda')
[02:53:26] [File Watcher (node.js)] Failed to watch /workplace/project/fire for changes using fs.watch() (Error: ENOSPC: System limit for number of file watchers reached, watch '/workplace/project/fire')
[2023-12-04T02:55:33.049Z] error Failed to get latest version [38;2;140;140;140m{"error":"connect ETIMEDOUT 20.205.243.168:443"}[0m
[2023-12-04T08:55:39.446Z] error Failed to get latest version [38;2;140;140;140m{"error":"connect ETIMEDOUT 20.205.243.168:443"}[0m
panic: runtime error: invalid memory address or nil pointer dereference
[signal SIGSEGV: segmentation violation code=0x1 addr=0x28 pc=0x8986f1]

goroutine 299 [running]:
http_reverse_proxy/client.sendHttpRequestAndReplyHttpResponse(0xc000457e60?, 0xc000457fd0?, 0xc000292000, 0xc0000de0c0)
	/builds/hitminer/http_reverse_proxy/client/http_client.go:51 +0xb1
created by http_reverse_proxy/client.startHttpClient
	/builds/hitminer/http_reverse_proxy/client/http_client.go:34 +0x1ea
