2023/10/26 03:28:09 failed to dial tcp connection, retrying
[2023-10-26T03:28:10.576Z] info  code-server 4.11.0 85e083580dec27ef19827ff42d3c9257d56ea7e3
[2023-10-26T03:28:10.577Z] info  Using user-data-dir ~/.local/share/code-server
====================================>token: 1e554949-4c6e-4edb-a3ab-e9daa24c8cd9
[2023-10-26T03:28:10.590Z] info  Using config file ~/.config/code-server/config.yaml
[2023-10-26T03:28:10.590Z] info  HTTP server listening on http://127.0.0.1:8080/
[2023-10-26T03:28:10.590Z] info    - Authentication is disabled
[2023-10-26T03:28:10.590Z] info    - Not serving HTTPS
[03:28:12] 




[03:28:12] Extension host agent started.
[03:28:14] [127.0.0.1][49341df8][ManagementConnection] New connection established.
[03:28:14] Using the in-memory credential store as the operating system's credential store could not be accessed. Please see https://aka.ms/vscode-server-keyring on how to set this up. Details: libsecret-1.so.0: cannot open shared object file: No such file or directory
[03:28:14] [127.0.0.1][2d4d1a7b][ExtensionHostConnection] New connection established.
[03:28:14] [127.0.0.1][2d4d1a7b][ExtensionHostConnection] <379> Launched Extension Host Process.
[2023-10-26T03:30:25.078Z] error Failed to get latest version [38;2;140;140;140m{"error":"connect ETIMEDOUT 20.205.243.168:443"}[0m
[03:30:42] [File Watcher (parcel)] Inotify limit reached (ENOSPC) (path: /opt/conda/lib/python3.8)
panic: runtime error: invalid memory address or nil pointer dereference
[signal SIGSEGV: segmentation violation code=0x1 addr=0x28 pc=0x8986f1]

goroutine 368 [running]:
http_reverse_proxy/client.sendHttpRequestAndReplyHttpResponse(0xc00040ff48?, 0xc00040ffd0?, 0xc00039a000, 0xc0000de7e0)
	/builds/hitminer/http_reverse_proxy/client/http_client.go:51 +0xb1
created by http_reverse_proxy/client.startHttpClient
	/builds/hitminer/http_reverse_proxy/client/http_client.go:34 +0x1ea
