2023/11/03 09:25:27 failed to dial tcp connection, retrying
[2023-11-03T09:25:28.607Z] info  code-server 4.11.0 85e083580dec27ef19827ff42d3c9257d56ea7e3
[2023-11-03T09:25:28.608Z] info  Using user-data-dir ~/.local/share/code-server
[2023-11-03T09:25:28.621Z] info  Using config file ~/.config/code-server/config.yaml
[2023-11-03T09:25:28.621Z] info  HTTP server listening on http://127.0.0.1:8080/
[2023-11-03T09:25:28.621Z] info    - Authentication is disabled
[2023-11-03T09:25:28.621Z] info    - Not serving HTTPS
====================================>token: e7d633f3-9a3b-41df-85d0-ee7a7a14c12a
[09:25:30] 




[09:25:30] Extension host agent started.
[09:25:30] [File Watcher (node.js)] Failed to watch /root/.local/share/code-server/Machine for changes using fs.watch() (Error: ENOSPC: System limit for number of file watchers reached, watch '/root/.local/share/code-server/Machine')
[09:25:30] [File Watcher (node.js)] Failed to watch /root/.local/share/code-server/extensions for changes using fs.watch() (Error: ENOSPC: System limit for number of file watchers reached, watch '/root/.local/share/code-server/extensions')
[09:25:30] [File Watcher (node.js)] Failed to watch /root/.local/share/code-server/extensions/extensions.json for changes using fs.watch() (Error: ENOSPC: System limit for number of file watchers reached, watch '/root/.local/share/code-server/extensions/extensions.json')
[09:25:32] [127.0.0.1][eb293871][ManagementConnection] New connection established.
[09:25:32] [File Watcher (node.js)] Failed to watch /root/.local/share/code-server/User for changes using fs.watch() (Error: ENOSPC: System limit for number of file watchers reached, watch '/root/.local/share/code-server/User')
[09:25:32] [File Watcher (node.js)] Failed to watch /root/.local/share/code-server/Machine for changes using fs.watch() (Error: ENOSPC: System limit for number of file watchers reached, watch '/root/.local/share/code-server/Machine')
[09:25:33] [127.0.0.1][efd75f3f][ExtensionHostConnection] New connection established.
[09:25:33] [127.0.0.1][efd75f3f][ExtensionHostConnection] <379> Launched Extension Host Process.
[09:25:33] [File Watcher (parcel)] Inotify limit reached (ENOSPC) (path: /workplace/project/fire)
[09:25:34] [File Watcher (node.js)] Failed to watch /root/.local/share/code-server/User/snippets for changes using fs.watch() (Error: ENOSPC: System limit for number of file watchers reached, watch '/root/.local/share/code-server/User/snippets')
[09:25:36] Using the in-memory credential store as the operating system's credential store could not be accessed. Please see https://aka.ms/vscode-server-keyring on how to set this up. Details: libsecret-1.so.0: cannot open shared object file: No such file or directory
[2023-11-03T09:27:43.542Z] error Failed to get latest version [38;2;140;140;140m{"error":"connect ETIMEDOUT 20.205.243.168:443"}[0m
[09:28:23] [File Watcher (node.js)] Failed to watch /root/.conda for changes using fs.watch() (Error: ENOSPC: System limit for number of file watchers reached, watch '/root/.conda')
[09:28:23] [File Watcher (node.js)] Failed to watch /workplace/project/fire for changes using fs.watch() (Error: ENOSPC: System limit for number of file watchers reached, watch '/workplace/project/fire')
panic: runtime error: invalid memory address or nil pointer dereference
[signal SIGSEGV: segmentation violation code=0x1 addr=0x28 pc=0x8986f1]

goroutine 177 [running]:
http_reverse_proxy/client.sendHttpRequestAndReplyHttpResponse(0x0?, 0x0?, 0xc000292000, 0xc0000de0c0)
	/builds/hitminer/http_reverse_proxy/client/http_client.go:51 +0xb1
created by http_reverse_proxy/client.startHttpClient
	/builds/hitminer/http_reverse_proxy/client/http_client.go:34 +0x1ea
