2023/12/12 04:31:47 failed to dial tcp connection, retrying
2023/12/12 04:31:48 failed to dial tcp connection, retrying
[2023-12-12T04:31:48.120Z] info  code-server 4.11.0 85e083580dec27ef19827ff42d3c9257d56ea7e3
[2023-12-12T04:31:48.122Z] info  Using user-data-dir ~/.local/share/code-server
[2023-12-12T04:31:48.135Z] info  Using config file ~/.config/code-server/config.yaml
[2023-12-12T04:31:48.135Z] info  HTTP server listening on http://127.0.0.1:8080/
[2023-12-12T04:31:48.135Z] info    - Authentication is disabled
[2023-12-12T04:31:48.135Z] info    - Not serving HTTPS
====================================>token: f25a41d6-f352-41fd-8bbb-2b4cea20ed74
[04:31:50] 




[04:31:50] Extension host agent started.
[04:31:51] [File Watcher (node.js)] Failed to watch /root/.local/share/code-server/Machine for changes using fs.watch() (Error: ENOSPC: System limit for number of file watchers reached, watch '/root/.local/share/code-server/Machine')
[04:31:51] [File Watcher (node.js)] Failed to watch /root/.local/share/code-server/extensions for changes using fs.watch() (Error: ENOSPC: System limit for number of file watchers reached, watch '/root/.local/share/code-server/extensions')
[04:31:51] [File Watcher (node.js)] Failed to watch /root/.local/share/code-server/extensions/extensions.json for changes using fs.watch() (Error: ENOSPC: System limit for number of file watchers reached, watch '/root/.local/share/code-server/extensions/extensions.json')
[04:31:52] [127.0.0.1][81ed9762][ManagementConnection] New connection established.
[04:31:52] [File Watcher (node.js)] Failed to watch /root/.local/share/code-server/User for changes using fs.watch() (Error: ENOSPC: System limit for number of file watchers reached, watch '/root/.local/share/code-server/User')
[04:31:52] [File Watcher (node.js)] Failed to watch /root/.local/share/code-server/Machine for changes using fs.watch() (Error: ENOSPC: System limit for number of file watchers reached, watch '/root/.local/share/code-server/Machine')
[04:31:53] [127.0.0.1][9167277b][ExtensionHostConnection] New connection established.
[04:31:53] [127.0.0.1][9167277b][ExtensionHostConnection] <377> Launched Extension Host Process.
[04:31:54] [File Watcher (node.js)] Failed to watch /root/.local/share/code-server/User/snippets for changes using fs.watch() (Error: ENOSPC: System limit for number of file watchers reached, watch '/root/.local/share/code-server/User/snippets')
[04:31:56] [File Watcher (parcel)] Inotify limit reached (ENOSPC) (path: /workplace/project/fire)
[04:31:56] Using the in-memory credential store as the operating system's credential store could not be accessed. Please see https://aka.ms/vscode-server-keyring on how to set this up. Details: libsecret-1.so.0: cannot open shared object file: No such file or directory
[04:31:56] [File Watcher (node.js)] Failed to watch /root/.conda for changes using fs.watch() (Error: ENOSPC: System limit for number of file watchers reached, watch '/root/.conda')
[04:31:56] [File Watcher (node.js)] Failed to watch /workplace/project/fire for changes using fs.watch() (Error: ENOSPC: System limit for number of file watchers reached, watch '/workplace/project/fire')
panic: runtime error: invalid memory address or nil pointer dereference
[signal SIGSEGV: segmentation violation code=0x1 addr=0x28 pc=0x8986f1]

goroutine 273 [running]:
http_reverse_proxy/client.sendHttpRequestAndReplyHttpResponse(0xc0006c5e60?, 0xc0006c5fd0?, 0xc00028a000, 0xc0000de7e0)
	/builds/hitminer/http_reverse_proxy/client/http_client.go:51 +0xb1
created by http_reverse_proxy/client.startHttpClient
	/builds/hitminer/http_reverse_proxy/client/http_client.go:34 +0x1ea
