2023/10/29 03:23:36 failed to dial tcp connection, retrying
[2023-10-29T03:23:37.475Z] info  code-server 4.11.0 85e083580dec27ef19827ff42d3c9257d56ea7e3
[2023-10-29T03:23:37.476Z] info  Using user-data-dir ~/.local/share/code-server
[2023-10-29T03:23:37.490Z] info  Using config file ~/.config/code-server/config.yaml
[2023-10-29T03:23:37.490Z] info  HTTP server listening on http://127.0.0.1:8080/
[2023-10-29T03:23:37.490Z] info    - Authentication is disabled
[2023-10-29T03:23:37.490Z] info    - Not serving HTTPS
====================================>token: 6b942cbc-077d-4ce0-b32d-8c2a1d9a7f67
[03:23:39] 




[03:23:39] Extension host agent started.
[03:23:39] [File Watcher (node.js)] Failed to watch /root/.local/share/code-server/Machine for changes using fs.watch() (Error: ENOSPC: System limit for number of file watchers reached, watch '/root/.local/share/code-server/Machine')
[03:23:39] [File Watcher (node.js)] Failed to watch /root/.local/share/code-server/extensions for changes using fs.watch() (Error: ENOSPC: System limit for number of file watchers reached, watch '/root/.local/share/code-server/extensions')
[03:23:39] [File Watcher (node.js)] Failed to watch /root/.local/share/code-server/extensions/extensions.json for changes using fs.watch() (Error: ENOSPC: System limit for number of file watchers reached, watch '/root/.local/share/code-server/extensions/extensions.json')
[03:23:40] [127.0.0.1][b2c66e8f][ManagementConnection] New connection established.
[03:23:41] [File Watcher (node.js)] Failed to watch /root/.local/share/code-server/User for changes using fs.watch() (Error: ENOSPC: System limit for number of file watchers reached, watch '/root/.local/share/code-server/User')
[03:23:41] [File Watcher (node.js)] Failed to watch /root/.local/share/code-server/Machine for changes using fs.watch() (Error: ENOSPC: System limit for number of file watchers reached, watch '/root/.local/share/code-server/Machine')
[03:23:41] [127.0.0.1][87980a86][ExtensionHostConnection] New connection established.
[03:23:41] [127.0.0.1][87980a86][ExtensionHostConnection] <379> Launched Extension Host Process.
[03:23:42] [File Watcher (parcel)] Inotify limit reached (ENOSPC) (path: /workplace/project/fire)
[03:23:42] [File Watcher (node.js)] Failed to watch /root/.local/share/code-server/User/snippets for changes using fs.watch() (Error: ENOSPC: System limit for number of file watchers reached, watch '/root/.local/share/code-server/User/snippets')
[03:23:45] Using the in-memory credential store as the operating system's credential store could not be accessed. Please see https://aka.ms/vscode-server-keyring on how to set this up. Details: libsecret-1.so.0: cannot open shared object file: No such file or directory
[03:23:45] [File Watcher (node.js)] Failed to watch /root/.conda for changes using fs.watch() (Error: ENOSPC: System limit for number of file watchers reached, watch '/root/.conda')
[03:23:45] [File Watcher (node.js)] Failed to watch /workplace/project/fire for changes using fs.watch() (Error: ENOSPC: System limit for number of file watchers reached, watch '/workplace/project/fire')
[2023-10-29T03:25:51.670Z] error Failed to get latest version [38;2;140;140;140m{"error":"connect ETIMEDOUT 20.205.243.168:443"}[0m
panic: runtime error: invalid memory address or nil pointer dereference
[signal SIGSEGV: segmentation violation code=0x1 addr=0x28 pc=0x8986f1]

goroutine 234 [running]:
http_reverse_proxy/client.sendHttpRequestAndReplyHttpResponse(0xc00028c018?, 0xc0000b27d0?, 0xc00029c0a0, 0xc00028e060)
	/builds/hitminer/http_reverse_proxy/client/http_client.go:51 +0xb1
created by http_reverse_proxy/client.startHttpClient
	/builds/hitminer/http_reverse_proxy/client/http_client.go:34 +0x1ea
