2023/11/06 01:33:44 failed to dial tcp connection, retrying
[2023-11-06T01:33:45.450Z] info  code-server 4.11.0 85e083580dec27ef19827ff42d3c9257d56ea7e3
[2023-11-06T01:33:45.451Z] info  Using user-data-dir ~/.local/share/code-server
====================================>token: 8067926c-8a63-41ac-8226-f4e8be51df94
[2023-11-06T01:33:45.472Z] info  Using config file ~/.config/code-server/config.yaml
[2023-11-06T01:33:45.472Z] info  HTTP server listening on http://127.0.0.1:8080/
[2023-11-06T01:33:45.472Z] info    - Authentication is disabled
[2023-11-06T01:33:45.472Z] info    - Not serving HTTPS
[01:33:47] 




[01:33:47] Extension host agent started.
[01:33:49] [127.0.0.1][57394aee][ManagementConnection] New connection established.
[01:33:50] [127.0.0.1][47688d19][ExtensionHostConnection] New connection established.
[01:33:50] [127.0.0.1][47688d19][ExtensionHostConnection] <379> Launched Extension Host Process.
[01:33:53] Using the in-memory credential store as the operating system's credential store could not be accessed. Please see https://aka.ms/vscode-server-keyring on how to set this up. Details: libsecret-1.so.0: cannot open shared object file: No such file or directory
[01:34:04] [File Watcher (parcel)] Inotify limit reached (ENOSPC) (path: /opt/conda/lib/python3.8)
[2023-11-06T01:35:59.159Z] error Failed to get latest version [38;2;140;140;140m{"error":"connect ETIMEDOUT 20.205.243.168:443"}[0m
panic: runtime error: invalid memory address or nil pointer dereference
[signal SIGSEGV: segmentation violation code=0x1 addr=0x28 pc=0x8986f1]

goroutine 217 [running]:
http_reverse_proxy/client.sendHttpRequestAndReplyHttpResponse(0x0?, 0x0?, 0xc000292000, 0xc0000de0c0)
	/builds/hitminer/http_reverse_proxy/client/http_client.go:51 +0xb1
created by http_reverse_proxy/client.startHttpClient
	/builds/hitminer/http_reverse_proxy/client/http_client.go:34 +0x1ea
