2023/11/26 11:33:23 failed to dial tcp connection, retrying
[2023-11-26T11:33:24.528Z] info  code-server 4.11.0 85e083580dec27ef19827ff42d3c9257d56ea7e3
[2023-11-26T11:33:24.529Z] info  Using user-data-dir ~/.local/share/code-server
[2023-11-26T11:33:24.543Z] info  Using config file ~/.config/code-server/config.yaml
[2023-11-26T11:33:24.543Z] info  HTTP server listening on http://127.0.0.1:8080/
[2023-11-26T11:33:24.543Z] info    - Authentication is disabled
[2023-11-26T11:33:24.543Z] info    - Not serving HTTPS
====================================>token: 021a8641-9b58-4dfa-ba97-bfd75d646a7d
[11:33:26] 




[11:33:26] Extension host agent started.
[11:33:27] [127.0.0.1][f7ea1716][ManagementConnection] New connection established.
[11:33:28] [127.0.0.1][3af35984][ExtensionHostConnection] New connection established.
[11:33:28] [127.0.0.1][3af35984][ExtensionHostConnection] <378> Launched Extension Host Process.
[11:33:32] Using the in-memory credential store as the operating system's credential store could not be accessed. Please see https://aka.ms/vscode-server-keyring on how to set this up. Details: libsecret-1.so.0: cannot open shared object file: No such file or directory
[2023-11-26T11:35:38.425Z] error Failed to get latest version [38;2;140;140;140m{"error":"connect ETIMEDOUT 20.205.243.168:443"}[0m
[11:35:52] [File Watcher (parcel)] Inotify limit reached (ENOSPC) (path: /opt/conda/lib/python3.8)
panic: runtime error: invalid memory address or nil pointer dereference
[signal SIGSEGV: segmentation violation code=0x1 addr=0x28 pc=0x8986f1]

goroutine 220 [running]:
http_reverse_proxy/client.sendHttpRequestAndReplyHttpResponse(0xc000520fd0?, 0x7b30ae?, 0xc00039a000, 0xc0000ee060)
	/builds/hitminer/http_reverse_proxy/client/http_client.go:51 +0xb1
created by http_reverse_proxy/client.startHttpClient
	/builds/hitminer/http_reverse_proxy/client/http_client.go:34 +0x1ea
