2023/12/02 10:31:39 failed to dial tcp connection, retrying
[2023-12-02T10:31:40.467Z] info  code-server 4.11.0 85e083580dec27ef19827ff42d3c9257d56ea7e3
[2023-12-02T10:31:40.468Z] info  Using user-data-dir ~/.local/share/code-server
[2023-12-02T10:31:40.483Z] info  Using config file ~/.config/code-server/config.yaml
[2023-12-02T10:31:40.483Z] info  HTTP server listening on http://127.0.0.1:8080/
[2023-12-02T10:31:40.483Z] info    - Authentication is disabled
[2023-12-02T10:31:40.483Z] info    - Not serving HTTPS
====================================>token: 037fe624-125b-48ec-b69f-9ac50a1c15b0
[10:31:42] 




[10:31:42] Extension host agent started.
[10:31:44] [127.0.0.1][1afc1c62][ManagementConnection] New connection established.
[10:31:44] [127.0.0.1][5e263c50][ExtensionHostConnection] New connection established.
[10:31:44] [127.0.0.1][5e263c50][ExtensionHostConnection] <379> Launched Extension Host Process.
[10:31:45] [File Watcher (parcel)] Inotify limit reached (ENOSPC) (path: /workplace/project/fire)
[10:31:48] Using the in-memory credential store as the operating system's credential store could not be accessed. Please see https://aka.ms/vscode-server-keyring on how to set this up. Details: libsecret-1.so.0: cannot open shared object file: No such file or directory
[2023-12-02T10:33:53.590Z] error Failed to get latest version [38;2;140;140;140m{"error":"connect ETIMEDOUT 20.205.243.168:443"}[0m
panic: runtime error: invalid memory address or nil pointer dereference
[signal SIGSEGV: segmentation violation code=0x1 addr=0x28 pc=0x8986f1]

goroutine 231 [running]:
http_reverse_proxy/client.sendHttpRequestAndReplyHttpResponse(0xc00025afd0?, 0x7b30ae?, 0xc0000d0000, 0xc0000ee060)
	/builds/hitminer/http_reverse_proxy/client/http_client.go:51 +0xb1
created by http_reverse_proxy/client.startHttpClient
	/builds/hitminer/http_reverse_proxy/client/http_client.go:34 +0x1ea
