2023/10/30 07:08:51 failed to dial tcp connection, retrying
2023/10/30 07:08:52 failed to dial tcp connection, retrying
[2023-10-30T07:08:52.606Z] info  code-server 4.11.0 85e083580dec27ef19827ff42d3c9257d56ea7e3
[2023-10-30T07:08:52.608Z] info  Using user-data-dir ~/.local/share/code-server
[2023-10-30T07:08:52.625Z] info  Using config file ~/.config/code-server/config.yaml
[2023-10-30T07:08:52.625Z] info  HTTP server listening on http://127.0.0.1:8080/
[2023-10-30T07:08:52.625Z] info    - Authentication is disabled
[2023-10-30T07:08:52.625Z] info    - Not serving HTTPS
====================================>token: ad770ff3-dd5d-4ad5-bac8-46a76594ead9
[07:08:55] 




[07:08:55] Extension host agent started.
[07:08:55] [File Watcher (node.js)] Failed to watch /root/.local/share/code-server/Machine for changes using fs.watch() (Error: ENOSPC: System limit for number of file watchers reached, watch '/root/.local/share/code-server/Machine')
[07:08:55] [File Watcher (node.js)] Failed to watch /root/.local/share/code-server/extensions for changes using fs.watch() (Error: ENOSPC: System limit for number of file watchers reached, watch '/root/.local/share/code-server/extensions')
[07:08:55] [File Watcher (node.js)] Failed to watch /root/.local/share/code-server/extensions/extensions.json for changes using fs.watch() (Error: ENOSPC: System limit for number of file watchers reached, watch '/root/.local/share/code-server/extensions/extensions.json')
[07:08:57] [127.0.0.1][769facbd][ManagementConnection] New connection established.
[07:08:57] [File Watcher (node.js)] Failed to watch /root/.local/share/code-server/User for changes using fs.watch() (Error: ENOSPC: System limit for number of file watchers reached, watch '/root/.local/share/code-server/User')
[07:08:57] [File Watcher (node.js)] Failed to watch /root/.local/share/code-server/Machine for changes using fs.watch() (Error: ENOSPC: System limit for number of file watchers reached, watch '/root/.local/share/code-server/Machine')
[07:08:58] [127.0.0.1][22471a74][ExtensionHostConnection] New connection established.
[07:08:58] [127.0.0.1][22471a74][ExtensionHostConnection] <379> Launched Extension Host Process.
[07:08:58] [File Watcher (parcel)] Inotify limit reached (ENOSPC) (path: /workplace/project/fire)
[07:08:59] [File Watcher (node.js)] Failed to watch /root/.local/share/code-server/User/snippets for changes using fs.watch() (Error: ENOSPC: System limit for number of file watchers reached, watch '/root/.local/share/code-server/User/snippets')
[07:09:01] Using the in-memory credential store as the operating system's credential store could not be accessed. Please see https://aka.ms/vscode-server-keyring on how to set this up. Details: libsecret-1.so.0: cannot open shared object file: No such file or directory
[07:09:01] [File Watcher (node.js)] Failed to watch /root/.conda for changes using fs.watch() (Error: ENOSPC: System limit for number of file watchers reached, watch '/root/.conda')
[07:09:01] [File Watcher (node.js)] Failed to watch /workplace/project/fire for changes using fs.watch() (Error: ENOSPC: System limit for number of file watchers reached, watch '/workplace/project/fire')
[2023-10-30T07:11:07.446Z] error Failed to get latest version [38;2;140;140;140m{"error":"connect ETIMEDOUT 20.205.243.168:443"}[0m
panic: runtime error: invalid memory address or nil pointer dereference
[signal SIGSEGV: segmentation violation code=0x1 addr=0x28 pc=0x8986f1]

goroutine 220 [running]:
http_reverse_proxy/client.sendHttpRequestAndReplyHttpResponse(0xc0003cbf48?, 0xc0003cbfd0?, 0xc000416020, 0xc00012a780)
	/builds/hitminer/http_reverse_proxy/client/http_client.go:51 +0xb1
created by http_reverse_proxy/client.startHttpClient
	/builds/hitminer/http_reverse_proxy/client/http_client.go:34 +0x1ea
