2023/11/01 03:00:41 failed to dial tcp connection, retrying
2023/11/01 03:00:42 failed to dial tcp connection, retrying
[2023-11-01T03:00:42.906Z] info  code-server 4.11.0 85e083580dec27ef19827ff42d3c9257d56ea7e3
[2023-11-01T03:00:42.907Z] info  Using user-data-dir ~/.local/share/code-server
[2023-11-01T03:00:42.920Z] info  Using config file ~/.config/code-server/config.yaml
[2023-11-01T03:00:42.920Z] info  HTTP server listening on http://127.0.0.1:8080/
[2023-11-01T03:00:42.920Z] info    - Authentication is disabled
[2023-11-01T03:00:42.920Z] info    - Not serving HTTPS
====================================>token: 79e87388-33fe-4b89-8666-57207ac4b971
[03:00:46] 




[03:00:46] Extension host agent started.
[03:00:46] [File Watcher (node.js)] Failed to watch /root/.local/share/code-server/Machine for changes using fs.watch() (Error: ENOSPC: System limit for number of file watchers reached, watch '/root/.local/share/code-server/Machine')
[03:00:46] [File Watcher (node.js)] Failed to watch /root/.local/share/code-server/extensions for changes using fs.watch() (Error: ENOSPC: System limit for number of file watchers reached, watch '/root/.local/share/code-server/extensions')
[03:00:46] [File Watcher (node.js)] Failed to watch /root/.local/share/code-server/extensions/extensions.json for changes using fs.watch() (Error: ENOSPC: System limit for number of file watchers reached, watch '/root/.local/share/code-server/extensions/extensions.json')
[03:00:47] [127.0.0.1][165a3463][ManagementConnection] New connection established.
[03:00:47] [File Watcher (node.js)] Failed to watch /root/.local/share/code-server/User for changes using fs.watch() (Error: ENOSPC: System limit for number of file watchers reached, watch '/root/.local/share/code-server/User')
[03:00:47] [File Watcher (node.js)] Failed to watch /root/.local/share/code-server/Machine for changes using fs.watch() (Error: ENOSPC: System limit for number of file watchers reached, watch '/root/.local/share/code-server/Machine')
[03:00:48] [127.0.0.1][dac2db5f][ExtensionHostConnection] New connection established.
[03:00:48] [127.0.0.1][dac2db5f][ExtensionHostConnection] <378> Launched Extension Host Process.
[03:00:48] [File Watcher (parcel)] Inotify limit reached (ENOSPC) (path: /workplace/project/fire)
[03:00:49] [File Watcher (node.js)] Failed to watch /root/.local/share/code-server/User/snippets for changes using fs.watch() (Error: ENOSPC: System limit for number of file watchers reached, watch '/root/.local/share/code-server/User/snippets')
[03:00:52] Using the in-memory credential store as the operating system's credential store could not be accessed. Please see https://aka.ms/vscode-server-keyring on how to set this up. Details: libsecret-1.so.0: cannot open shared object file: No such file or directory
[2023-11-01T03:02:58.487Z] error Failed to get latest version [38;2;140;140;140m{"error":"connect ETIMEDOUT 20.205.243.168:443"}[0m
[03:03:02] [File Watcher (node.js)] Failed to watch /root/.conda for changes using fs.watch() (Error: ENOSPC: System limit for number of file watchers reached, watch '/root/.conda')
[03:03:02] [File Watcher (node.js)] Failed to watch /workplace/project/fire for changes using fs.watch() (Error: ENOSPC: System limit for number of file watchers reached, watch '/workplace/project/fire')
panic: runtime error: invalid memory address or nil pointer dereference
[signal SIGSEGV: segmentation violation code=0x1 addr=0x28 pc=0x8986f1]

goroutine 111 [running]:
http_reverse_proxy/client.sendHttpRequestAndReplyHttpResponse(0xc00072e048?, 0x0?, 0xc000288080, 0xc0000de7e0)
	/builds/hitminer/http_reverse_proxy/client/http_client.go:51 +0xb1
created by http_reverse_proxy/client.startHttpClient
	/builds/hitminer/http_reverse_proxy/client/http_client.go:34 +0x1ea
