2023/12/07 09:32:42 failed to dial tcp connection, retrying
2023/12/07 09:32:43 failed to dial tcp connection, retrying
[2023-12-07T09:32:43.336Z] info  code-server 4.11.0 85e083580dec27ef19827ff42d3c9257d56ea7e3
[2023-12-07T09:32:43.337Z] info  Using user-data-dir ~/.local/share/code-server
[2023-12-07T09:32:43.351Z] info  Using config file ~/.config/code-server/config.yaml
[2023-12-07T09:32:43.351Z] info  HTTP server listening on http://127.0.0.1:8080/
[2023-12-07T09:32:43.351Z] info    - Authentication is disabled
[2023-12-07T09:32:43.351Z] info    - Not serving HTTPS
====================================>token: f9ec4d9d-eba4-409c-9bc0-1244304ce692
[09:32:46] 




[09:32:46] Extension host agent started.
[09:32:47] [127.0.0.1][3104b06c][ManagementConnection] New connection established.
[09:32:47] [File Watcher (node.js)] Failed to watch /root/.local/share/code-server/User for changes using fs.watch() (Error: ENOSPC: System limit for number of file watchers reached, watch '/root/.local/share/code-server/User')
[09:32:48] [127.0.0.1][a2a5ba54][ExtensionHostConnection] New connection established.
[09:32:48] [127.0.0.1][a2a5ba54][ExtensionHostConnection] <380> Launched Extension Host Process.
[09:32:50] [File Watcher (node.js)] Failed to watch /root/.local/share/code-server/User/snippets for changes using fs.watch() (Error: ENOSPC: System limit for number of file watchers reached, watch '/root/.local/share/code-server/User/snippets')
[09:32:53] Using the in-memory credential store as the operating system's credential store could not be accessed. Please see https://aka.ms/vscode-server-keyring on how to set this up. Details: libsecret-1.so.0: cannot open shared object file: No such file or directory
[09:32:54] [File Watcher (node.js)] Failed to watch /root/.conda for changes using fs.watch() (Error: ENOSPC: System limit for number of file watchers reached, watch '/root/.conda')
[09:32:54] [File Watcher (node.js)] Failed to watch /workplace/project/fire for changes using fs.watch() (Error: ENOSPC: System limit for number of file watchers reached, watch '/workplace/project/fire')
[09:32:55] [File Watcher (parcel)] Inotify limit reached (ENOSPC) (path: /workplace/project/fire)
panic: runtime error: invalid memory address or nil pointer dereference
[signal SIGSEGV: segmentation violation code=0x1 addr=0x28 pc=0x8986f1]

goroutine 286 [running]:
http_reverse_proxy/client.sendHttpRequestAndReplyHttpResponse(0xc00042b7d0?, 0x7b30ae?, 0xc0001621c0, 0xc00012a780)
	/builds/hitminer/http_reverse_proxy/client/http_client.go:51 +0xb1
created by http_reverse_proxy/client.startHttpClient
	/builds/hitminer/http_reverse_proxy/client/http_client.go:34 +0x1ea
