2023/10/27 01:54:47 failed to dial tcp connection, retrying
2023/10/27 01:54:48 failed to dial tcp connection, retrying
[2023-10-27T01:54:48.457Z] info  code-server 4.11.0 85e083580dec27ef19827ff42d3c9257d56ea7e3
[2023-10-27T01:54:48.458Z] info  Using user-data-dir ~/.local/share/code-server
[2023-10-27T01:54:48.472Z] info  Using config file ~/.config/code-server/config.yaml
[2023-10-27T01:54:48.472Z] info  HTTP server listening on http://127.0.0.1:8080/
[2023-10-27T01:54:48.472Z] info    - Authentication is disabled
[2023-10-27T01:54:48.472Z] info    - Not serving HTTPS
====================================>token: badd00fc-f610-4864-ae3c-b55fad909923
[01:54:51] 




[01:54:51] Extension host agent started.
[01:54:53] [127.0.0.1][0387c214][ManagementConnection] New connection established.
[01:54:54] [127.0.0.1][62e8e0f7][ExtensionHostConnection] New connection established.
[01:54:54] [127.0.0.1][62e8e0f7][ExtensionHostConnection] <378> Launched Extension Host Process.
[01:54:57] Using the in-memory credential store as the operating system's credential store could not be accessed. Please see https://aka.ms/vscode-server-keyring on how to set this up. Details: libsecret-1.so.0: cannot open shared object file: No such file or directory
[01:55:07] [File Watcher (parcel)] Inotify limit reached (ENOSPC) (path: /opt/conda/lib/python3.8)
[2023-10-27T01:57:02.774Z] error Failed to get latest version [38;2;140;140;140m{"error":"connect ETIMEDOUT 20.205.243.168:443"}[0m
[02:51:10] [File Watcher (node.js)] Failed to watch /opt/conda/lib/python3.8/site-packages/torch/nn/modules/conv.py for changes using fs.watch() (Error: ENOSPC: System limit for number of file watchers reached, watch '/opt/conda/lib/python3.8/site-packages/torch/nn/modules/conv.py')
panic: runtime error: invalid memory address or nil pointer dereference
[signal SIGSEGV: segmentation violation code=0x1 addr=0x28 pc=0x8986f1]

goroutine 426 [running]:
http_reverse_proxy/client.sendHttpRequestAndReplyHttpResponse(0xc0004917d0?, 0x7bd70a?, 0xc0000d0000, 0xc0000de7e0)
	/builds/hitminer/http_reverse_proxy/client/http_client.go:51 +0xb1
created by http_reverse_proxy/client.startHttpClient
	/builds/hitminer/http_reverse_proxy/client/http_client.go:34 +0x1ea
