2023/11/23 05:56:16 failed to dial tcp connection, retrying
2023/11/23 05:56:17 failed to dial tcp connection, retrying
[2023-11-23T05:56:17.040Z] info  code-server 4.11.0 85e083580dec27ef19827ff42d3c9257d56ea7e3
[2023-11-23T05:56:17.041Z] info  Using user-data-dir ~/.local/share/code-server
[2023-11-23T05:56:17.054Z] info  Using config file ~/.config/code-server/config.yaml
[2023-11-23T05:56:17.054Z] info  HTTP server listening on http://127.0.0.1:8080/
[2023-11-23T05:56:17.054Z] info    - Authentication is disabled
[2023-11-23T05:56:17.054Z] info    - Not serving HTTPS
====================================>token: d252dada-7ad9-48a7-b9cf-d52e6d422479
[05:56:19] 




[05:56:19] Extension host agent started.
[05:56:21] [127.0.0.1][7ad3bc2f][ManagementConnection] New connection established.
[05:56:22] [127.0.0.1][40afcb0c][ExtensionHostConnection] New connection established.
[05:56:22] [127.0.0.1][40afcb0c][ExtensionHostConnection] <378> Launched Extension Host Process.
[05:56:28] Getting Manifest... formulahendry.code-runner
[05:56:33] Using the in-memory credential store as the operating system's credential store could not be accessed. Please see https://aka.ms/vscode-server-keyring on how to set this up. Details: libsecret-1.so.0: cannot open shared object file: No such file or directory
[2023-11-23T05:58:31.351Z] error Failed to get latest version [38;2;140;140;140m{"error":"connect ETIMEDOUT 20.205.243.168:443"}[0m
[05:58:43] [File Watcher (node.js)] Failed to watch /root/.conda for changes using fs.watch() (Error: ENOSPC: System limit for number of file watchers reached, watch '/root/.conda')
[05:58:43] [File Watcher (node.js)] Failed to watch /workplace/project/fire for changes using fs.watch() (Error: ENOSPC: System limit for number of file watchers reached, watch '/workplace/project/fire')
[05:58:54] [File Watcher (parcel)] Inotify limit reached (ENOSPC) (path: /opt/conda/lib/python3.8)
[06:00:50] Failed to install extension. formulahendry.code-runner
[06:00:50] Error: connect ETIMEDOUT 198.41.30.195:443
    at TCPConnectWrap.afterConnect [as oncomplete] (node:net:1278:16) {
  errno: -110,
  code: 'ETIMEDOUT',
  syscall: 'connect',
  address: '198.41.30.195',
  port: 443
}
panic: runtime error: invalid memory address or nil pointer dereference
[signal SIGSEGV: segmentation violation code=0x1 addr=0x28 pc=0x8986f1]

goroutine 176 [running]:
http_reverse_proxy/client.sendHttpRequestAndReplyHttpResponse(0xc000537e60?, 0xc000537fd0?, 0xc00039a000, 0xc0000de7e0)
	/builds/hitminer/http_reverse_proxy/client/http_client.go:51 +0xb1
created by http_reverse_proxy/client.startHttpClient
	/builds/hitminer/http_reverse_proxy/client/http_client.go:34 +0x1ea
