2023/11/02 06:25:45 failed to dial tcp connection, retrying
[2023-11-02T06:25:46.323Z] info  code-server 4.11.0 85e083580dec27ef19827ff42d3c9257d56ea7e3
[2023-11-02T06:25:46.324Z] info  Using user-data-dir ~/.local/share/code-server
[2023-11-02T06:25:46.338Z] info  Using config file ~/.config/code-server/config.yaml
[2023-11-02T06:25:46.338Z] info  HTTP server listening on http://127.0.0.1:8080/
[2023-11-02T06:25:46.339Z] info    - Authentication is disabled
[2023-11-02T06:25:46.339Z] info    - Not serving HTTPS
====================================>token: afd3c3a8-c3be-4fbe-9414-b78154ea1f00
[06:25:47] 




[06:25:47] Extension host agent started.
[06:25:47] [File Watcher (node.js)] Failed to watch /root/.local/share/code-server/Machine for changes using fs.watch() (Error: ENOSPC: System limit for number of file watchers reached, watch '/root/.local/share/code-server/Machine')
[06:25:47] [File Watcher (node.js)] Failed to watch /root/.local/share/code-server/extensions for changes using fs.watch() (Error: ENOSPC: System limit for number of file watchers reached, watch '/root/.local/share/code-server/extensions')
[06:25:47] [File Watcher (node.js)] Failed to watch /root/.local/share/code-server/extensions/extensions.json for changes using fs.watch() (Error: ENOSPC: System limit for number of file watchers reached, watch '/root/.local/share/code-server/extensions/extensions.json')
[06:25:49] [127.0.0.1][fa3df3b1][ManagementConnection] New connection established.
[06:25:49] [File Watcher (node.js)] Failed to watch /root/.local/share/code-server/User for changes using fs.watch() (Error: ENOSPC: System limit for number of file watchers reached, watch '/root/.local/share/code-server/User')
[06:25:49] [File Watcher (node.js)] Failed to watch /root/.local/share/code-server/Machine for changes using fs.watch() (Error: ENOSPC: System limit for number of file watchers reached, watch '/root/.local/share/code-server/Machine')
[06:25:50] [127.0.0.1][356f073c][ExtensionHostConnection] New connection established.
[06:25:50] [127.0.0.1][356f073c][ExtensionHostConnection] <377> Launched Extension Host Process.
[06:25:50] [File Watcher (parcel)] Inotify limit reached (ENOSPC) (path: /workplace/project/fire)
[06:25:51] [File Watcher (node.js)] Failed to watch /root/.local/share/code-server/User/snippets for changes using fs.watch() (Error: ENOSPC: System limit for number of file watchers reached, watch '/root/.local/share/code-server/User/snippets')
[06:25:54] Using the in-memory credential store as the operating system's credential store could not be accessed. Please see https://aka.ms/vscode-server-keyring on how to set this up. Details: libsecret-1.so.0: cannot open shared object file: No such file or directory
[2023-11-02T06:27:59.798Z] error Failed to get latest version [38;2;140;140;140m{"error":"connect ETIMEDOUT 20.205.243.168:443"}[0m
[06:28:03] [File Watcher (node.js)] Failed to watch /root/.conda for changes using fs.watch() (Error: ENOSPC: System limit for number of file watchers reached, watch '/root/.conda')
[06:28:03] [File Watcher (node.js)] Failed to watch /workplace/project/fire for changes using fs.watch() (Error: ENOSPC: System limit for number of file watchers reached, watch '/workplace/project/fire')
panic: runtime error: invalid memory address or nil pointer dereference
[signal SIGSEGV: segmentation violation code=0x1 addr=0x28 pc=0x8986f1]

goroutine 186 [running]:
http_reverse_proxy/client.sendHttpRequestAndReplyHttpResponse(0xc00053efd0?, 0x7b30ae?, 0xc000162200, 0xc0000de0c0)
	/builds/hitminer/http_reverse_proxy/client/http_client.go:51 +0xb1
created by http_reverse_proxy/client.startHttpClient
	/builds/hitminer/http_reverse_proxy/client/http_client.go:34 +0x1ea
