2023/12/05 13:39:13 failed to dial tcp connection, retrying
[2023-12-05T13:39:14.646Z] info  code-server 4.11.0 85e083580dec27ef19827ff42d3c9257d56ea7e3
[2023-12-05T13:39:14.647Z] info  Using user-data-dir ~/.local/share/code-server
2023/12/05 13:39:14 failed to dial tcp connection, retrying
[2023-12-05T13:39:14.660Z] info  Using config file ~/.config/code-server/config.yaml
[2023-12-05T13:39:14.661Z] info  HTTP server listening on http://127.0.0.1:8080/
[2023-12-05T13:39:14.661Z] info    - Authentication is disabled
[2023-12-05T13:39:14.661Z] info    - Not serving HTTPS
====================================>token: 32c5652b-320c-4d4a-b851-4ca3da918991
[13:39:18] 




[13:39:18] Extension host agent started.
[13:39:20] [127.0.0.1][8fe8882e][ManagementConnection] New connection established.
[13:39:20] [127.0.0.1][be3a741f][ExtensionHostConnection] New connection established.
[13:39:20] [127.0.0.1][be3a741f][ExtensionHostConnection] <377> Launched Extension Host Process.
[13:39:21] [File Watcher (parcel)] Inotify limit reached (ENOSPC) (path: /workplace/project/fire)
[13:39:24] Using the in-memory credential store as the operating system's credential store could not be accessed. Please see https://aka.ms/vscode-server-keyring on how to set this up. Details: libsecret-1.so.0: cannot open shared object file: No such file or directory
[13:39:24] [File Watcher (node.js)] Failed to watch /workplace/project/fire for changes using fs.watch() (Error: ENOSPC: System limit for number of file watchers reached, watch '/workplace/project/fire')
[2023-12-05T13:41:30.422Z] error Failed to get latest version [38;2;140;140;140m{"error":"connect ETIMEDOUT 20.205.243.168:443"}[0m
panic: runtime error: invalid memory address or nil pointer dereference
[signal SIGSEGV: segmentation violation code=0x1 addr=0x28 pc=0x8986f1]

goroutine 358 [running]:
http_reverse_proxy/client.sendHttpRequestAndReplyHttpResponse(0xc0001a0030?, 0x0?, 0xc0000d0020, 0xc0001a2780)
	/builds/hitminer/http_reverse_proxy/client/http_client.go:51 +0xb1
created by http_reverse_proxy/client.startHttpClient
	/builds/hitminer/http_reverse_proxy/client/http_client.go:34 +0x1ea
panic: runtime error: invalid memory address or nil pointer dereference
[signal SIGSEGV: segmentation violation code=0x1 addr=0x28 pc=0x8986f1]

goroutine 361 [running]:
http_reverse_proxy/client.sendHttpRequestAndReplyHttpResponse(0xc000735fd0?, 0x7b30ae?, 0xc0000d0140, 0xc0001a2780)
	/builds/hitminer/http_reverse_proxy/client/http_client.go:51 +0xb1
created by http_reverse_proxy/client.startHttpClient
	/builds/hitminer/http_reverse_proxy/client/http_client.go:34 +0x1ea
