2023/10/24 02:08:12 failed to dial tcp connection, retrying
[2023-10-24T02:08:13.240Z] info  code-server 4.11.0 85e083580dec27ef19827ff42d3c9257d56ea7e3
[2023-10-24T02:08:13.242Z] info  Using user-data-dir ~/.local/share/code-server
[2023-10-24T02:08:13.254Z] info  Using config file ~/.config/code-server/config.yaml
[2023-10-24T02:08:13.254Z] info  HTTP server listening on http://127.0.0.1:8080/
[2023-10-24T02:08:13.254Z] info    - Authentication is disabled
[2023-10-24T02:08:13.254Z] info    - Not serving HTTPS
====================================>token: e24171e0-ff76-497d-82aa-25ef18d8345c
[02:08:15] 




[02:08:15] Extension host agent started.
[02:08:15] [File Watcher (node.js)] Failed to watch /root/.local/share/code-server/Machine for changes using fs.watch() (Error: ENOSPC: System limit for number of file watchers reached, watch '/root/.local/share/code-server/Machine')
[02:08:15] [File Watcher (node.js)] Failed to watch /root/.local/share/code-server/extensions for changes using fs.watch() (Error: ENOSPC: System limit for number of file watchers reached, watch '/root/.local/share/code-server/extensions')
[02:08:15] [File Watcher (node.js)] Failed to watch /root/.local/share/code-server/extensions/extensions.json for changes using fs.watch() (Error: ENOSPC: System limit for number of file watchers reached, watch '/root/.local/share/code-server/extensions/extensions.json')
[02:08:16] [127.0.0.1][ac77e603][ManagementConnection] New connection established.
[02:08:17] [File Watcher (node.js)] Failed to watch /root/.local/share/code-server/User for changes using fs.watch() (Error: ENOSPC: System limit for number of file watchers reached, watch '/root/.local/share/code-server/User')
[02:08:17] [File Watcher (node.js)] Failed to watch /root/.local/share/code-server/Machine for changes using fs.watch() (Error: ENOSPC: System limit for number of file watchers reached, watch '/root/.local/share/code-server/Machine')
[02:08:17] [127.0.0.1][d87b5e07][ExtensionHostConnection] New connection established.
[02:08:17] [127.0.0.1][d87b5e07][ExtensionHostConnection] <378> Launched Extension Host Process.
[02:08:18] [File Watcher (parcel)] Inotify limit reached (ENOSPC) (path: /workplace/project/fire)
[02:08:19] [File Watcher (node.js)] Failed to watch /root/.local/share/code-server/User/snippets for changes using fs.watch() (Error: ENOSPC: System limit for number of file watchers reached, watch '/root/.local/share/code-server/User/snippets')
[02:08:21] Using the in-memory credential store as the operating system's credential store could not be accessed. Please see https://aka.ms/vscode-server-keyring on how to set this up. Details: libsecret-1.so.0: cannot open shared object file: No such file or directory
[02:08:21] [File Watcher (node.js)] Failed to watch /root/.conda for changes using fs.watch() (Error: ENOSPC: System limit for number of file watchers reached, watch '/root/.conda')
[02:08:21] [File Watcher (node.js)] Failed to watch /workplace/project/fire for changes using fs.watch() (Error: ENOSPC: System limit for number of file watchers reached, watch '/workplace/project/fire')
[2023-10-24T02:10:26.615Z] error Failed to get latest version [38;2;140;140;140m{"error":"connect ETIMEDOUT 20.205.243.168:443"}[0m
panic: runtime error: invalid memory address or nil pointer dereference
[signal SIGSEGV: segmentation violation code=0x1 addr=0x28 pc=0x8986f1]

goroutine 410 [running]:
http_reverse_proxy/client.sendHttpRequestAndReplyHttpResponse(0xa42ce45b199a4ec6?, 0x7bbde14019020688?, 0xc00041a000, 0xc00011c060)
	/builds/hitminer/http_reverse_proxy/client/http_client.go:51 +0xb1
created by http_reverse_proxy/client.startHttpClient
	/builds/hitminer/http_reverse_proxy/client/http_client.go:34 +0x1ea
