2023/11/02 03:03:57 failed to dial tcp connection, retrying
[2023-11-02T03:03:58.002Z] info  code-server 4.11.0 85e083580dec27ef19827ff42d3c9257d56ea7e3
[2023-11-02T03:03:58.003Z] info  Using user-data-dir ~/.local/share/code-server
====================================>token: 8bf89d76-3eed-41e5-9aa3-700650ef8364
[2023-11-02T03:03:58.023Z] info  Using config file ~/.config/code-server/config.yaml
[2023-11-02T03:03:58.023Z] info  HTTP server listening on http://127.0.0.1:8080/
[2023-11-02T03:03:58.023Z] info    - Authentication is disabled
[2023-11-02T03:03:58.023Z] info    - Not serving HTTPS
[03:03:59] 




[03:04:00] Extension host agent started.
[03:04:00] [File Watcher (node.js)] Failed to watch /root/.local/share/code-server/Machine for changes using fs.watch() (Error: ENOSPC: System limit for number of file watchers reached, watch '/root/.local/share/code-server/Machine')
[03:04:00] [File Watcher (node.js)] Failed to watch /root/.local/share/code-server/extensions for changes using fs.watch() (Error: ENOSPC: System limit for number of file watchers reached, watch '/root/.local/share/code-server/extensions')
[03:04:00] [File Watcher (node.js)] Failed to watch /root/.local/share/code-server/extensions/extensions.json for changes using fs.watch() (Error: ENOSPC: System limit for number of file watchers reached, watch '/root/.local/share/code-server/extensions/extensions.json')
[03:04:01] [127.0.0.1][4946482b][ManagementConnection] New connection established.
[03:04:01] [File Watcher (node.js)] Failed to watch /root/.local/share/code-server/User for changes using fs.watch() (Error: ENOSPC: System limit for number of file watchers reached, watch '/root/.local/share/code-server/User')
[03:04:01] [File Watcher (node.js)] Failed to watch /root/.local/share/code-server/Machine for changes using fs.watch() (Error: ENOSPC: System limit for number of file watchers reached, watch '/root/.local/share/code-server/Machine')
[03:04:02] [127.0.0.1][a3c13af4][ExtensionHostConnection] New connection established.
[03:04:02] [127.0.0.1][a3c13af4][ExtensionHostConnection] <379> Launched Extension Host Process.
[03:04:03] [File Watcher (parcel)] Inotify limit reached (ENOSPC) (path: /workplace/project/fire)
[03:04:04] [File Watcher (node.js)] Failed to watch /root/.local/share/code-server/User/snippets for changes using fs.watch() (Error: ENOSPC: System limit for number of file watchers reached, watch '/root/.local/share/code-server/User/snippets')
[03:04:06] Using the in-memory credential store as the operating system's credential store could not be accessed. Please see https://aka.ms/vscode-server-keyring on how to set this up. Details: libsecret-1.so.0: cannot open shared object file: No such file or directory
[2023-11-02T03:06:12.021Z] error Failed to get latest version [38;2;140;140;140m{"error":"connect ETIMEDOUT 20.205.243.168:443"}[0m
[03:06:16] [File Watcher (node.js)] Failed to watch /root/.conda for changes using fs.watch() (Error: ENOSPC: System limit for number of file watchers reached, watch '/root/.conda')
[03:06:16] [File Watcher (node.js)] Failed to watch /workplace/project/fire for changes using fs.watch() (Error: ENOSPC: System limit for number of file watchers reached, watch '/workplace/project/fire')
panic: runtime error: invalid memory address or nil pointer dereference
[signal SIGSEGV: segmentation violation code=0x1 addr=0x28 pc=0x8986f1]

goroutine 436 [running]:
http_reverse_proxy/client.sendHttpRequestAndReplyHttpResponse(0xc000201fd0?, 0x7b30ae?, 0xc00028a0c0, 0xc00011c060)
	/builds/hitminer/http_reverse_proxy/client/http_client.go:51 +0xb1
created by http_reverse_proxy/client.startHttpClient
	/builds/hitminer/http_reverse_proxy/client/http_client.go:34 +0x1ea
