2023/12/11 06:15:13 failed to dial tcp connection, retrying
[2023-12-11T06:15:14.672Z] info  code-server 4.11.0 85e083580dec27ef19827ff42d3c9257d56ea7e3
[2023-12-11T06:15:14.674Z] info  Using user-data-dir ~/.local/share/code-server
[2023-12-11T06:15:14.687Z] info  Using config file ~/.config/code-server/config.yaml
[2023-12-11T06:15:14.687Z] info  HTTP server listening on http://127.0.0.1:8080/
[2023-12-11T06:15:14.687Z] info    - Authentication is disabled
[2023-12-11T06:15:14.687Z] info    - Not serving HTTPS
====================================>token: 87febab8-6d10-425b-a6ac-9ae6794b50cf
[06:15:16] 




[06:15:16] Extension host agent started.
[06:15:16] [File Watcher (node.js)] Failed to watch /root/.local/share/code-server/Machine for changes using fs.watch() (Error: ENOSPC: System limit for number of file watchers reached, watch '/root/.local/share/code-server/Machine')
[06:15:16] [File Watcher (node.js)] Failed to watch /root/.local/share/code-server/extensions for changes using fs.watch() (Error: ENOSPC: System limit for number of file watchers reached, watch '/root/.local/share/code-server/extensions')
[06:15:16] [File Watcher (node.js)] Failed to watch /root/.local/share/code-server/extensions/extensions.json for changes using fs.watch() (Error: ENOSPC: System limit for number of file watchers reached, watch '/root/.local/share/code-server/extensions/extensions.json')
[06:15:18] [127.0.0.1][5f291785][ManagementConnection] New connection established.
[06:15:18] [File Watcher (node.js)] Failed to watch /root/.local/share/code-server/User for changes using fs.watch() (Error: ENOSPC: System limit for number of file watchers reached, watch '/root/.local/share/code-server/User')
[06:15:18] [File Watcher (node.js)] Failed to watch /root/.local/share/code-server/Machine for changes using fs.watch() (Error: ENOSPC: System limit for number of file watchers reached, watch '/root/.local/share/code-server/Machine')
[06:15:19] [127.0.0.1][581f0547][ExtensionHostConnection] New connection established.
[06:15:19] [127.0.0.1][581f0547][ExtensionHostConnection] <388> Launched Extension Host Process.
[06:15:21] [File Watcher (node.js)] Failed to watch /root/.local/share/code-server/User/snippets for changes using fs.watch() (Error: ENOSPC: System limit for number of file watchers reached, watch '/root/.local/share/code-server/User/snippets')
[06:15:22] [File Watcher (parcel)] Inotify limit reached (ENOSPC) (path: /workplace/project/fire)
[06:15:24] Using the in-memory credential store as the operating system's credential store could not be accessed. Please see https://aka.ms/vscode-server-keyring on how to set this up. Details: libsecret-1.so.0: cannot open shared object file: No such file or directory
[06:15:24] [File Watcher (node.js)] Failed to watch /root/.conda for changes using fs.watch() (Error: ENOSPC: System limit for number of file watchers reached, watch '/root/.conda')
[06:15:24] [File Watcher (node.js)] Failed to watch /workplace/project/fire for changes using fs.watch() (Error: ENOSPC: System limit for number of file watchers reached, watch '/workplace/project/fire')
[08:40:56] [127.0.0.1][581f0547][ExtensionHostConnection] The client has reconnected.
[08:40:56] [127.0.0.1][5f291785][ManagementConnection] The client has reconnected.
panic: runtime error: invalid memory address or nil pointer dereference
[signal SIGSEGV: segmentation violation code=0x1 addr=0x28 pc=0x8986f1]

goroutine 402 [running]:
http_reverse_proxy/client.sendHttpRequestAndReplyHttpResponse(0xc0003b0050?, 0xc0003397d0?, 0xc000292120, 0xc0000ee060)
	/builds/hitminer/http_reverse_proxy/client/http_client.go:51 +0xb1
created by http_reverse_proxy/client.startHttpClient
	/builds/hitminer/http_reverse_proxy/client/http_client.go:34 +0x1ea
