2023/10/29 13:58:24 failed to dial tcp connection, retrying
[2023-10-29T13:58:25.517Z] info  code-server 4.11.0 85e083580dec27ef19827ff42d3c9257d56ea7e3
[2023-10-29T13:58:25.518Z] info  Using user-data-dir ~/.local/share/code-server
[2023-10-29T13:58:25.531Z] info  Using config file ~/.config/code-server/config.yaml
[2023-10-29T13:58:25.531Z] info  HTTP server listening on http://127.0.0.1:8080/
[2023-10-29T13:58:25.531Z] info    - Authentication is disabled
[2023-10-29T13:58:25.531Z] info    - Not serving HTTPS
====================================>token: 05a2e8e1-3099-45fe-ab40-e0e8d4918d16
[13:58:28] 




[13:58:28] Extension host agent started.
[13:58:28] [File Watcher (node.js)] Failed to watch /root/.local/share/code-server/Machine for changes using fs.watch() (Error: ENOSPC: System limit for number of file watchers reached, watch '/root/.local/share/code-server/Machine')
[13:58:28] [File Watcher (node.js)] Failed to watch /root/.local/share/code-server/extensions for changes using fs.watch() (Error: ENOSPC: System limit for number of file watchers reached, watch '/root/.local/share/code-server/extensions')
[13:58:28] [File Watcher (node.js)] Failed to watch /root/.local/share/code-server/extensions/extensions.json for changes using fs.watch() (Error: ENOSPC: System limit for number of file watchers reached, watch '/root/.local/share/code-server/extensions/extensions.json')
[13:58:30] [127.0.0.1][7628d80e][ManagementConnection] New connection established.
[13:58:30] [File Watcher (node.js)] Failed to watch /root/.local/share/code-server/User for changes using fs.watch() (Error: ENOSPC: System limit for number of file watchers reached, watch '/root/.local/share/code-server/User')
[13:58:30] [File Watcher (node.js)] Failed to watch /root/.local/share/code-server/Machine for changes using fs.watch() (Error: ENOSPC: System limit for number of file watchers reached, watch '/root/.local/share/code-server/Machine')
[13:58:31] [127.0.0.1][d9f5730c][ExtensionHostConnection] New connection established.
[13:58:31] [127.0.0.1][d9f5730c][ExtensionHostConnection] <380> Launched Extension Host Process.
[13:58:32] [File Watcher (parcel)] Inotify limit reached (ENOSPC) (path: /workplace/project/fire)
[13:58:33] [File Watcher (node.js)] Failed to watch /root/.local/share/code-server/User/snippets for changes using fs.watch() (Error: ENOSPC: System limit for number of file watchers reached, watch '/root/.local/share/code-server/User/snippets')
[13:58:36] Using the in-memory credential store as the operating system's credential store could not be accessed. Please see https://aka.ms/vscode-server-keyring on how to set this up. Details: libsecret-1.so.0: cannot open shared object file: No such file or directory
[13:58:36] [File Watcher (node.js)] Failed to watch /root/.conda for changes using fs.watch() (Error: ENOSPC: System limit for number of file watchers reached, watch '/root/.conda')
[13:58:37] [File Watcher (node.js)] Failed to watch /workplace/project/fire for changes using fs.watch() (Error: ENOSPC: System limit for number of file watchers reached, watch '/workplace/project/fire')
[2023-10-29T14:00:42.422Z] error Failed to get latest version [38;2;140;140;140m{"error":"connect ETIMEDOUT 20.205.243.168:443"}[0m
panic: runtime error: invalid memory address or nil pointer dereference
[signal SIGSEGV: segmentation violation code=0x1 addr=0x28 pc=0x8986f1]

goroutine 362 [running]:
http_reverse_proxy/client.sendHttpRequestAndReplyHttpResponse(0xc0000affd0?, 0x7b30ae?, 0xc0002b80a0, 0xc0001120c0)
	/builds/hitminer/http_reverse_proxy/client/http_client.go:51 +0xb1
created by http_reverse_proxy/client.startHttpClient
	/builds/hitminer/http_reverse_proxy/client/http_client.go:34 +0x1ea
