2023/12/04 01:13:51 failed to dial tcp connection, retrying
[2023-12-04T01:13:52.838Z] info  code-server 4.11.0 85e083580dec27ef19827ff42d3c9257d56ea7e3
[2023-12-04T01:13:52.839Z] info  Using user-data-dir ~/.local/share/code-server
[2023-12-04T01:13:52.851Z] info  Using config file ~/.config/code-server/config.yaml
[2023-12-04T01:13:52.851Z] info  HTTP server listening on http://127.0.0.1:8080/
[2023-12-04T01:13:52.851Z] info    - Authentication is disabled
[2023-12-04T01:13:52.852Z] info    - Not serving HTTPS
====================================>token: 43e8ea9b-7a52-4b82-aad1-be40bf9d0c8b
[01:13:54] 




[01:13:54] Extension host agent started.
[01:13:54] [File Watcher (node.js)] Failed to watch /root/.local/share/code-server/Machine for changes using fs.watch() (Error: ENOSPC: System limit for number of file watchers reached, watch '/root/.local/share/code-server/Machine')
[01:13:54] [File Watcher (node.js)] Failed to watch /root/.local/share/code-server/extensions for changes using fs.watch() (Error: ENOSPC: System limit for number of file watchers reached, watch '/root/.local/share/code-server/extensions')
[01:13:54] [File Watcher (node.js)] Failed to watch /root/.local/share/code-server/extensions/extensions.json for changes using fs.watch() (Error: ENOSPC: System limit for number of file watchers reached, watch '/root/.local/share/code-server/extensions/extensions.json')
[01:13:56] [127.0.0.1][04de1871][ManagementConnection] New connection established.
[01:13:56] [File Watcher (node.js)] Failed to watch /root/.local/share/code-server/User for changes using fs.watch() (Error: ENOSPC: System limit for number of file watchers reached, watch '/root/.local/share/code-server/User')
[01:13:56] [File Watcher (node.js)] Failed to watch /root/.local/share/code-server/Machine for changes using fs.watch() (Error: ENOSPC: System limit for number of file watchers reached, watch '/root/.local/share/code-server/Machine')
[01:13:56] [127.0.0.1][4f98c920][ExtensionHostConnection] New connection established.
[01:13:56] [127.0.0.1][4f98c920][ExtensionHostConnection] <379> Launched Extension Host Process.
[01:13:57] [File Watcher (parcel)] Inotify limit reached (ENOSPC) (path: /workplace/project/fire)
[01:13:58] [File Watcher (node.js)] Failed to watch /root/.local/share/code-server/User/snippets for changes using fs.watch() (Error: ENOSPC: System limit for number of file watchers reached, watch '/root/.local/share/code-server/User/snippets')
[01:14:00] Using the in-memory credential store as the operating system's credential store could not be accessed. Please see https://aka.ms/vscode-server-keyring on how to set this up. Details: libsecret-1.so.0: cannot open shared object file: No such file or directory
[01:14:00] [File Watcher (node.js)] Failed to watch /root/.conda for changes using fs.watch() (Error: ENOSPC: System limit for number of file watchers reached, watch '/root/.conda')
[01:14:00] [File Watcher (node.js)] Failed to watch /workplace/project/fire for changes using fs.watch() (Error: ENOSPC: System limit for number of file watchers reached, watch '/workplace/project/fire')
[2023-12-04T01:16:07.222Z] error Failed to get latest version [38;2;140;140;140m{"error":"connect ETIMEDOUT 20.205.243.168:443"}[0m
[2023-12-04T07:16:13.622Z] error Failed to get latest version [38;2;140;140;140m{"error":"connect ETIMEDOUT 20.205.243.168:443"}[0m
panic: runtime error: invalid memory address or nil pointer dereference
[signal SIGSEGV: segmentation violation code=0x1 addr=0x28 pc=0x8986f1]

goroutine 371 [running]:
http_reverse_proxy/client.sendHttpRequestAndReplyHttpResponse(0xc0006b9e60?, 0xc0006b9fd0?, 0xc00028a000, 0xc00011c060)
	/builds/hitminer/http_reverse_proxy/client/http_client.go:51 +0xb1
created by http_reverse_proxy/client.startHttpClient
	/builds/hitminer/http_reverse_proxy/client/http_client.go:34 +0x1ea
